This file contains any messages produced by compilers while
running configure, to aid debugging if configure makes a mistake.

It was created by C-Pluff configure 0.1.3, which was
generated by GNU Autoconf 2.61.  Invocation command line was

  $ ./configure --prefix=/home/drordas/Escritorio/wirebrush4spam/cpluff

## --------- ##
## Platform. ##
## --------- ##

hostname = portatil
uname -m = i686
uname -r = 3.2.0-26-generic-pae
uname -s = Linux
uname -v = #41-Ubuntu SMP Thu Jun 14 16:45:14 UTC 2012

/usr/bin/uname -p = unknown
/bin/uname -X     = unknown

/bin/arch              = unknown
/usr/bin/arch -k       = unknown
/usr/convex/getsysinfo = unknown
/usr/bin/hostinfo      = unknown
/bin/machine           = unknown
/usr/bin/oslevel       = unknown
/bin/universe          = unknown

PATH: /usr/lib/lightdm/lightdm
PATH: /usr/local/sbin
PATH: /usr/local/bin
PATH: /usr/sbin
PATH: /usr/bin
PATH: /sbin
PATH: /bin
PATH: /usr/games


## ----------- ##
## Core tests. ##
## ----------- ##

configure:2058: checking for a BSD-compatible install
configure:2114: result: /usr/bin/install -c
configure:2125: checking whether build environment is sane
configure:2168: result: yes
configure:2196: checking for a thread-safe mkdir -p
configure:2235: result: /bin/mkdir -p
configure:2248: checking for gawk
configure:2278: result: no
configure:2248: checking for mawk
configure:2264: found /usr/bin/mawk
configure:2275: result: mawk
configure:2286: checking whether make sets $(MAKE)
configure:2307: result: yes
configure:2496: checking whether NLS is requested
configure:2505: result: yes
configure:2543: checking for msgfmt
configure: trying /usr/bin/msgfmt...
0 translated messages.
configure:2575: result: /usr/bin/msgfmt
configure:2584: checking for gmsgfmt
configure:2615: result: /usr/bin/msgfmt
configure:2666: checking for xgettext
configure: trying /usr/bin/xgettext...
/usr/bin/xgettext: warning: file `/dev/null' extension `' is unknown; will try C
configure:2698: result: /usr/bin/xgettext
configure:2744: checking for msgmerge
configure: trying /usr/bin/msgmerge...
configure:2775: result: /usr/bin/msgmerge
configure:2817: checking for style of include used by make
configure:2845: result: GNU
configure:2915: checking for gcc
configure:2931: found /usr/bin/gcc
configure:2942: result: gcc
configure:3180: checking for C compiler version
configure:3187: gcc --version >&5
gcc (Ubuntu/Linaro 4.6.3-1ubuntu5) 4.6.3
Copyright (C) 2011 Free Software Foundation, Inc.
This is free software; see the source for copying conditions.  There is NO
warranty; not even for MERCHANTABILITY or FITNESS FOR A PARTICULAR PURPOSE.

configure:3190: $? = 0
configure:3197: gcc -v >&5
Using built-in specs.
COLLECT_GCC=gcc
COLLECT_LTO_WRAPPER=/usr/lib/gcc/i686-linux-gnu/4.6/lto-wrapper
Target: i686-linux-gnu
Configured with: ../src/configure -v --with-pkgversion='Ubuntu/Linaro 4.6.3-1ubuntu5' --with-bugurl=file:///usr/share/doc/gcc-4.6/README.Bugs --enable-languages=c,c++,fortran,objc,obj-c++ --prefix=/usr --program-suffix=-4.6 --enable-shared --enable-linker-build-id --with-system-zlib --libexecdir=/usr/lib --without-included-gettext --enable-threads=posix --with-gxx-include-dir=/usr/include/c++/4.6 --libdir=/usr/lib --enable-nls --with-sysroot=/ --enable-clocale=gnu --enable-libstdcxx-debug --enable-libstdcxx-time=yes --enable-gnu-unique-object --enable-plugin --enable-objc-gc --enable-targets=all --disable-werror --with-arch-32=i686 --with-tune=generic --enable-checking=release --build=i686-linux-gnu --host=i686-linux-gnu --target=i686-linux-gnu
Thread model: posix
gcc version 4.6.3 (Ubuntu/Linaro 4.6.3-1ubuntu5) 
configure:3200: $? = 0
configure:3207: gcc -V >&5
gcc: error: unrecognized option '-V'
gcc: fatal error: no input files
compilation terminated.
configure:3210: $? = 4
configure:3233: checking for C compiler default output file name
configure:3260: gcc    conftest.c  >&5
configure:3263: $? = 0
configure:3301: result: a.out
configure:3318: checking whether the C compiler works
configure:3328: ./a.out
configure:3331: $? = 0
configure:3348: result: yes
configure:3355: checking whether we are cross compiling
configure:3357: result: no
configure:3360: checking for suffix of executables
configure:3367: gcc -o conftest    conftest.c  >&5
configure:3370: $? = 0
configure:3394: result: 
configure:3400: checking for suffix of object files
configure:3426: gcc -c   conftest.c >&5
configure:3429: $? = 0
configure:3452: result: o
configure:3456: checking whether we are using the GNU C compiler
configure:3485: gcc -c   conftest.c >&5
configure:3491: $? = 0
configure:3508: result: yes
configure:3513: checking whether gcc accepts -g
configure:3543: gcc -c -g  conftest.c >&5
configure:3549: $? = 0
configure:3648: result: yes
configure:3665: checking for gcc option to accept ISO C89
configure:3739: gcc  -c -g -O2  conftest.c >&5
configure:3745: $? = 0
configure:3768: result: none needed
configure:3788: checking dependency style of gcc
configure:3879: result: gcc3
configure:3900: checking build system type
configure:3918: result: i686-pc-linux-gnu
configure:3940: checking host system type
configure:3955: result: i686-pc-linux-gnu
configure:4001: checking for ld used by GCC
configure:4065: result: /usr/bin/ld
configure:4074: checking if the linker (/usr/bin/ld) is GNU ld
configure:4087: result: yes
configure:4094: checking for shared library run path origin
configure:4107: result: done
configure:4565: checking for CFPreferencesCopyAppValue
configure:4593: gcc -o conftest -g -O2   conftest.c  -Wl,-framework -Wl,CoreFoundation >&5
conftest.c:11:42: fatal error: CoreFoundation/CFPreferences.h: No such file or directory
compilation terminated.
configure:4599: $? = 1
configure: failed program was:
| /* confdefs.h.  */
| #define PACKAGE_NAME "C-Pluff"
| #define PACKAGE_TARNAME "cpluff"
| #define PACKAGE_VERSION "0.1.3"
| #define PACKAGE_STRING "C-Pluff 0.1.3"
| #define PACKAGE_BUGREPORT "johannes.lehtinen@iki.fi"
| #define CP_ABI_COMPATIBILITY "0.1"
| #define PACKAGE "cpluff"
| #define VERSION "0.1.3"
| /* end confdefs.h.  */
| #include <CoreFoundation/CFPreferences.h>
| int
| main ()
| {
| CFPreferencesCopyAppValue(NULL, NULL)
|   ;
|   return 0;
| }
configure:4617: result: no
configure:4626: checking for CFLocaleCopyCurrent
configure:4654: gcc -o conftest -g -O2   conftest.c  -Wl,-framework -Wl,CoreFoundation >&5
conftest.c:11:37: fatal error: CoreFoundation/CFLocale.h: No such file or directory
compilation terminated.
configure:4660: $? = 1
configure: failed program was:
| /* confdefs.h.  */
| #define PACKAGE_NAME "C-Pluff"
| #define PACKAGE_TARNAME "cpluff"
| #define PACKAGE_VERSION "0.1.3"
| #define PACKAGE_STRING "C-Pluff 0.1.3"
| #define PACKAGE_BUGREPORT "johannes.lehtinen@iki.fi"
| #define CP_ABI_COMPATIBILITY "0.1"
| #define PACKAGE "cpluff"
| #define VERSION "0.1.3"
| /* end confdefs.h.  */
| #include <CoreFoundation/CFLocale.h>
| int
| main ()
| {
| CFLocaleCopyCurrent();
|   ;
|   return 0;
| }
configure:4678: result: no
configure:4729: checking for GNU gettext in libc
configure:4759: gcc -o conftest -g -O2   conftest.c  >&5
configure:4765: $? = 0
configure:4783: result: yes
configure:5499: checking whether to use NLS
configure:5501: result: yes
configure:5504: checking where the gettext function comes from
configure:5515: result: libc
configure:5634: checking for gcc
configure:5661: result: gcc
configure:5899: checking for C compiler version
configure:5906: gcc --version >&5
gcc (Ubuntu/Linaro 4.6.3-1ubuntu5) 4.6.3
Copyright (C) 2011 Free Software Foundation, Inc.
This is free software; see the source for copying conditions.  There is NO
warranty; not even for MERCHANTABILITY or FITNESS FOR A PARTICULAR PURPOSE.

configure:5909: $? = 0
configure:5916: gcc -v >&5
Using built-in specs.
COLLECT_GCC=gcc
COLLECT_LTO_WRAPPER=/usr/lib/gcc/i686-linux-gnu/4.6/lto-wrapper
Target: i686-linux-gnu
Configured with: ../src/configure -v --with-pkgversion='Ubuntu/Linaro 4.6.3-1ubuntu5' --with-bugurl=file:///usr/share/doc/gcc-4.6/README.Bugs --enable-languages=c,c++,fortran,objc,obj-c++ --prefix=/usr --program-suffix=-4.6 --enable-shared --enable-linker-build-id --with-system-zlib --libexecdir=/usr/lib --without-included-gettext --enable-threads=posix --with-gxx-include-dir=/usr/include/c++/4.6 --libdir=/usr/lib --enable-nls --with-sysroot=/ --enable-clocale=gnu --enable-libstdcxx-debug --enable-libstdcxx-time=yes --enable-gnu-unique-object --enable-plugin --enable-objc-gc --enable-targets=all --disable-werror --with-arch-32=i686 --with-tune=generic --enable-checking=release --build=i686-linux-gnu --host=i686-linux-gnu --target=i686-linux-gnu
Thread model: posix
gcc version 4.6.3 (Ubuntu/Linaro 4.6.3-1ubuntu5) 
configure:5919: $? = 0
configure:5926: gcc -V >&5
gcc: error: unrecognized option '-V'
gcc: fatal error: no input files
compilation terminated.
configure:5929: $? = 4
configure:5932: checking whether we are using the GNU C compiler
configure:5984: result: yes
configure:5989: checking whether gcc accepts -g
configure:6124: result: yes
configure:6141: checking for gcc option to accept ISO C89
configure:6244: result: none needed
configure:6264: checking dependency style of gcc
configure:6355: result: gcc3
configure:6376: checking whether gcc and cc understand -c and -o together
configure:6411: gcc -c conftest.c -o conftest2.o >&5
configure:6414: $? = 0
configure:6420: gcc -c conftest.c -o conftest2.o >&5
configure:6423: $? = 0
configure:6434: cc -c conftest.c >&5
configure:6437: $? = 0
configure:6445: cc -c conftest.c -o conftest2.o >&5
configure:6448: $? = 0
configure:6454: cc -c conftest.c -o conftest2.o >&5
configure:6457: $? = 0
configure:6475: result: yes
configure:6487: checking for an ANSI C-conforming const
configure:6562: gcc -c -g -O2  conftest.c >&5
configure:6568: $? = 0
configure:6583: result: yes
configure:6669: checking for a sed that does not truncate output
configure:6723: result: /bin/sed
configure:6726: checking for grep that handles long lines and -e
configure:6800: result: /bin/grep
configure:6805: checking for egrep
configure:6883: result: /bin/grep -E
configure:6899: checking for ld used by gcc
configure:6966: result: /usr/bin/ld
configure:6975: checking if the linker (/usr/bin/ld) is GNU ld
configure:6990: result: yes
configure:6995: checking for /usr/bin/ld option to reload object files
configure:7002: result: -r
configure:7020: checking for BSD-compatible nm
configure:7069: result: /usr/bin/nm -B
configure:7073: checking whether ln -s works
configure:7077: result: yes
configure:7084: checking how to recognise dependent libraries
configure:7260: result: pass_all
configure:7783: checking how to run the C preprocessor
configure:7823: gcc -E  conftest.c
configure:7829: $? = 0
configure:7860: gcc -E  conftest.c
conftest.c:14:28: fatal error: ac_nonexistent.h: No such file or directory
compilation terminated.
configure:7866: $? = 1
configure: failed program was:
| /* confdefs.h.  */
| #define PACKAGE_NAME "C-Pluff"
| #define PACKAGE_TARNAME "cpluff"
| #define PACKAGE_VERSION "0.1.3"
| #define PACKAGE_STRING "C-Pluff 0.1.3"
| #define PACKAGE_BUGREPORT "johannes.lehtinen@iki.fi"
| #define CP_ABI_COMPATIBILITY "0.1"
| #define PACKAGE "cpluff"
| #define VERSION "0.1.3"
| #define ENABLE_NLS 1
| #define HAVE_GETTEXT 1
| #define HAVE_DCGETTEXT 1
| /* end confdefs.h.  */
| #include <ac_nonexistent.h>
configure:7899: result: gcc -E
configure:7928: gcc -E  conftest.c
configure:7934: $? = 0
configure:7965: gcc -E  conftest.c
conftest.c:14:28: fatal error: ac_nonexistent.h: No such file or directory
compilation terminated.
configure:7971: $? = 1
configure: failed program was:
| /* confdefs.h.  */
| #define PACKAGE_NAME "C-Pluff"
| #define PACKAGE_TARNAME "cpluff"
| #define PACKAGE_VERSION "0.1.3"
| #define PACKAGE_STRING "C-Pluff 0.1.3"
| #define PACKAGE_BUGREPORT "johannes.lehtinen@iki.fi"
| #define CP_ABI_COMPATIBILITY "0.1"
| #define PACKAGE "cpluff"
| #define VERSION "0.1.3"
| #define ENABLE_NLS 1
| #define HAVE_GETTEXT 1
| #define HAVE_DCGETTEXT 1
| /* end confdefs.h.  */
| #include <ac_nonexistent.h>
configure:8009: checking for ANSI C header files
configure:8039: gcc -c -g -O2  conftest.c >&5
configure:8045: $? = 0
configure:8144: gcc -o conftest -g -O2   conftest.c  >&5
configure:8147: $? = 0
configure:8153: ./conftest
configure:8156: $? = 0
configure:8173: result: yes
configure:8197: checking for sys/types.h
configure:8218: gcc -c -g -O2  conftest.c >&5
configure:8224: $? = 0
configure:8240: result: yes
configure:8197: checking for sys/stat.h
configure:8218: gcc -c -g -O2  conftest.c >&5
configure:8224: $? = 0
configure:8240: result: yes
configure:8197: checking for stdlib.h
configure:8218: gcc -c -g -O2  conftest.c >&5
configure:8224: $? = 0
configure:8240: result: yes
configure:8197: checking for string.h
configure:8218: gcc -c -g -O2  conftest.c >&5
configure:8224: $? = 0
configure:8240: result: yes
configure:8197: checking for memory.h
configure:8218: gcc -c -g -O2  conftest.c >&5
configure:8224: $? = 0
configure:8240: result: yes
configure:8197: checking for strings.h
configure:8218: gcc -c -g -O2  conftest.c >&5
configure:8224: $? = 0
configure:8240: result: yes
configure:8197: checking for inttypes.h
configure:8218: gcc -c -g -O2  conftest.c >&5
configure:8224: $? = 0
configure:8240: result: yes
configure:8197: checking for stdint.h
configure:8218: gcc -c -g -O2  conftest.c >&5
configure:8224: $? = 0
configure:8240: result: yes
configure:8197: checking for unistd.h
configure:8218: gcc -c -g -O2  conftest.c >&5
configure:8224: $? = 0
configure:8240: result: yes
configure:8267: checking dlfcn.h usability
configure:8284: gcc -c -g -O2  conftest.c >&5
configure:8290: $? = 0
configure:8304: result: yes
configure:8308: checking dlfcn.h presence
configure:8323: gcc -E  conftest.c
configure:8329: $? = 0
configure:8343: result: yes
configure:8376: checking for dlfcn.h
configure:8384: result: yes
configure:8455: checking for g++
configure:8471: found /usr/bin/g++
configure:8482: result: g++
configure:8513: checking for C++ compiler version
configure:8520: g++ --version >&5
g++ (Ubuntu/Linaro 4.6.3-1ubuntu5) 4.6.3
Copyright (C) 2011 Free Software Foundation, Inc.
This is free software; see the source for copying conditions.  There is NO
warranty; not even for MERCHANTABILITY or FITNESS FOR A PARTICULAR PURPOSE.

configure:8523: $? = 0
configure:8530: g++ -v >&5
Using built-in specs.
COLLECT_GCC=g++
COLLECT_LTO_WRAPPER=/usr/lib/gcc/i686-linux-gnu/4.6/lto-wrapper
Target: i686-linux-gnu
Configured with: ../src/configure -v --with-pkgversion='Ubuntu/Linaro 4.6.3-1ubuntu5' --with-bugurl=file:///usr/share/doc/gcc-4.6/README.Bugs --enable-languages=c,c++,fortran,objc,obj-c++ --prefix=/usr --program-suffix=-4.6 --enable-shared --enable-linker-build-id --with-system-zlib --libexecdir=/usr/lib --without-included-gettext --enable-threads=posix --with-gxx-include-dir=/usr/include/c++/4.6 --libdir=/usr/lib --enable-nls --with-sysroot=/ --enable-clocale=gnu --enable-libstdcxx-debug --enable-libstdcxx-time=yes --enable-gnu-unique-object --enable-plugin --enable-objc-gc --enable-targets=all --disable-werror --with-arch-32=i686 --with-tune=generic --enable-checking=release --build=i686-linux-gnu --host=i686-linux-gnu --target=i686-linux-gnu
Thread model: posix
gcc version 4.6.3 (Ubuntu/Linaro 4.6.3-1ubuntu5) 
configure:8533: $? = 0
configure:8540: g++ -V >&5
g++: error: unrecognized option '-V'
g++: fatal error: no input files
compilation terminated.
configure:8543: $? = 4
configure:8546: checking whether we are using the GNU C++ compiler
configure:8575: g++ -c   conftest.cpp >&5
configure:8581: $? = 0
configure:8598: result: yes
configure:8603: checking whether g++ accepts -g
configure:8633: g++ -c -g  conftest.cpp >&5
configure:8639: $? = 0
configure:8738: result: yes
configure:8763: checking dependency style of g++
configure:8854: result: gcc3
configure:8879: checking how to run the C++ preprocessor
configure:8915: g++ -E  conftest.cpp
configure:8921: $? = 0
configure:8952: g++ -E  conftest.cpp
conftest.cpp:25:28: fatal error: ac_nonexistent.h: No such file or directory
compilation terminated.
configure:8958: $? = 1
configure: failed program was:
| /* confdefs.h.  */
| #define PACKAGE_NAME "C-Pluff"
| #define PACKAGE_TARNAME "cpluff"
| #define PACKAGE_VERSION "0.1.3"
| #define PACKAGE_STRING "C-Pluff 0.1.3"
| #define PACKAGE_BUGREPORT "johannes.lehtinen@iki.fi"
| #define CP_ABI_COMPATIBILITY "0.1"
| #define PACKAGE "cpluff"
| #define VERSION "0.1.3"
| #define ENABLE_NLS 1
| #define HAVE_GETTEXT 1
| #define HAVE_DCGETTEXT 1
| #define STDC_HEADERS 1
| #define HAVE_SYS_TYPES_H 1
| #define HAVE_SYS_STAT_H 1
| #define HAVE_STDLIB_H 1
| #define HAVE_STRING_H 1
| #define HAVE_MEMORY_H 1
| #define HAVE_STRINGS_H 1
| #define HAVE_INTTYPES_H 1
| #define HAVE_STDINT_H 1
| #define HAVE_UNISTD_H 1
| #define HAVE_DLFCN_H 1
| /* end confdefs.h.  */
| #include <ac_nonexistent.h>
configure:8991: result: g++ -E
configure:9020: g++ -E  conftest.cpp
configure:9026: $? = 0
configure:9057: g++ -E  conftest.cpp
conftest.cpp:25:28: fatal error: ac_nonexistent.h: No such file or directory
compilation terminated.
configure:9063: $? = 1
configure: failed program was:
| /* confdefs.h.  */
| #define PACKAGE_NAME "C-Pluff"
| #define PACKAGE_TARNAME "cpluff"
| #define PACKAGE_VERSION "0.1.3"
| #define PACKAGE_STRING "C-Pluff 0.1.3"
| #define PACKAGE_BUGREPORT "johannes.lehtinen@iki.fi"
| #define CP_ABI_COMPATIBILITY "0.1"
| #define PACKAGE "cpluff"
| #define VERSION "0.1.3"
| #define ENABLE_NLS 1
| #define HAVE_GETTEXT 1
| #define HAVE_DCGETTEXT 1
| #define STDC_HEADERS 1
| #define HAVE_SYS_TYPES_H 1
| #define HAVE_SYS_STAT_H 1
| #define HAVE_STDLIB_H 1
| #define HAVE_STRING_H 1
| #define HAVE_MEMORY_H 1
| #define HAVE_STRINGS_H 1
| #define HAVE_INTTYPES_H 1
| #define HAVE_STDINT_H 1
| #define HAVE_UNISTD_H 1
| #define HAVE_DLFCN_H 1
| /* end confdefs.h.  */
| #include <ac_nonexistent.h>
configure:9156: checking for g77
configure:9186: result: no
configure:9156: checking for xlf
configure:9186: result: no
configure:9156: checking for f77
configure:9186: result: no
configure:9156: checking for frt
configure:9186: result: no
configure:9156: checking for pgf77
configure:9186: result: no
configure:9156: checking for cf77
configure:9186: result: no
configure:9156: checking for fort77
configure:9186: result: no
configure:9156: checking for fl32
configure:9186: result: no
configure:9156: checking for af77
configure:9186: result: no
configure:9156: checking for xlf90
configure:9186: result: no
configure:9156: checking for f90
configure:9186: result: no
configure:9156: checking for pgf90
configure:9186: result: no
configure:9156: checking for pghpf
configure:9186: result: no
configure:9156: checking for epcf90
configure:9186: result: no
configure:9156: checking for gfortran
configure:9186: result: no
configure:9156: checking for g95
configure:9186: result: no
configure:9156: checking for xlf95
configure:9186: result: no
configure:9156: checking for f95
configure:9186: result: no
configure:9156: checking for fort
configure:9186: result: no
configure:9156: checking for ifort
configure:9186: result: no
configure:9156: checking for ifc
configure:9186: result: no
configure:9156: checking for efc
configure:9186: result: no
configure:9156: checking for pgf95
configure:9186: result: no
configure:9156: checking for lf95
configure:9186: result: no
configure:9156: checking for ftn
configure:9186: result: no
configure:9213: checking for Fortran 77 compiler version
configure:9220:  --version >&5
./configure: line 9221: --version: command not found
configure:9223: $? = 127
configure:9230:  -v >&5
./configure: line 9231: -v: command not found
configure:9233: $? = 127
configure:9240:  -V >&5
./configure: line 9241: -V: command not found
configure:9243: $? = 127
configure:9251: checking whether we are using the GNU Fortran 77 compiler
configure:9270:  -c  conftest.F >&5
./configure: line 9271: -c: command not found
configure:9276: $? = 127
configure: failed program was:
|       program main
| #ifndef __GNUC__
|        choke me
| #endif
| 
|       end
configure:9293: result: no
configure:9299: checking whether  accepts -g
configure:9316:  -c -g conftest.f >&5
./configure: line 9317: -c: command not found
configure:9322: $? = 127
configure: failed program was:
|       program main
| 
|       end
configure:9338: result: no
configure:9368: checking the maximum length of command line arguments
configure:9477: result: 32768
configure:9488: checking command to parse /usr/bin/nm -B output from gcc object
configure:9593: gcc -c -g -O2  conftest.c >&5
configure:9596: $? = 0
configure:9600: /usr/bin/nm -B conftest.o \| sed -n -e 's/^.*[ 	]\([ABCDGIRSTW][ABCDGIRSTW]*\)[ 	][ 	]*\([_A-Za-z][_A-Za-z0-9]*\)$/\1 \2 \2/p' \> conftest.nm
configure:9603: $? = 0
configure:9655: gcc -o conftest -g -O2   conftest.c conftstm.o >&5
configure:9658: $? = 0
configure:9696: result: ok
configure:9700: checking for objdir
configure:9715: result: .libs
configure:9807: checking for ar
configure:9823: found /usr/bin/ar
configure:9834: result: ar
configure:9903: checking for ranlib
configure:9919: found /usr/bin/ranlib
configure:9930: result: ranlib
configure:9999: checking for strip
configure:10015: found /usr/bin/strip
configure:10026: result: strip
configure:10312: checking if gcc supports -fno-rtti -fno-exceptions
configure:10330: gcc -c -g -O2  -fno-rtti -fno-exceptions conftest.c >&5
cc1: warning: command line option '-fno-rtti' is valid for C++/ObjC++ but not for C [enabled by default]
configure:10334: $? = 0
configure:10347: result: no
configure:10362: checking for gcc option to produce PIC
configure:10572: result: -fPIC
configure:10580: checking if gcc PIC flag -fPIC works
configure:10598: gcc -c -g -O2  -fPIC -DPIC conftest.c >&5
configure:10602: $? = 0
configure:10615: result: yes
configure:10643: checking if gcc static flag -static works
configure:10671: result: yes
configure:10681: checking if gcc supports -c -o file.o
configure:10702: gcc -c -g -O2  -o out/conftest2.o conftest.c >&5
configure:10706: $? = 0
configure:10728: result: yes
configure:10754: checking whether the gcc linker (/usr/bin/ld) supports shared libraries
configure:11709: result: yes
configure:11730: checking whether -lc should be explicitly linked in
configure:11735: gcc -c -g -O2  conftest.c >&5
configure:11738: $? = 0
configure:11753: gcc -shared conftest.o  -v -Wl,-soname -Wl,conftest -o conftest 2\>\&1 \| grep  -lc  \>/dev/null 2\>\&1
configure:11756: $? = 0
configure:11768: result: no
configure:11776: checking dynamic linker characteristics
configure:12352: result: GNU/Linux ld.so
configure:12361: checking how to hardcode library paths into programs
configure:12386: result: immediate
configure:12400: checking whether stripping libraries is possible
configure:12405: result: yes
configure:12528: checking for shl_load
configure:12584: gcc -o conftest -g -O2   conftest.c  >&5
/tmp/ccaldShO.o: In function `main':
/home/drordas/Escritorio/wirebrush4spam/cpluff_source/cpluff-0.1.3/conftest.c:59: undefined reference to `shl_load'
collect2: ld returned 1 exit status
configure:12590: $? = 1
configure: failed program was:
| /* confdefs.h.  */
| #define PACKAGE_NAME "C-Pluff"
| #define PACKAGE_TARNAME "cpluff"
| #define PACKAGE_VERSION "0.1.3"
| #define PACKAGE_STRING "C-Pluff 0.1.3"
| #define PACKAGE_BUGREPORT "johannes.lehtinen@iki.fi"
| #define CP_ABI_COMPATIBILITY "0.1"
| #define PACKAGE "cpluff"
| #define VERSION "0.1.3"
| #define ENABLE_NLS 1
| #define HAVE_GETTEXT 1
| #define HAVE_DCGETTEXT 1
| #define STDC_HEADERS 1
| #define HAVE_SYS_TYPES_H 1
| #define HAVE_SYS_STAT_H 1
| #define HAVE_STDLIB_H 1
| #define HAVE_STRING_H 1
| #define HAVE_MEMORY_H 1
| #define HAVE_STRINGS_H 1
| #define HAVE_INTTYPES_H 1
| #define HAVE_STDINT_H 1
| #define HAVE_UNISTD_H 1
| #define HAVE_DLFCN_H 1
| /* end confdefs.h.  */
| /* Define shl_load to an innocuous variant, in case <limits.h> declares shl_load.
|    For example, HP-UX 11i <limits.h> declares gettimeofday.  */
| #define shl_load innocuous_shl_load
| 
| /* System header to define __stub macros and hopefully few prototypes,
|     which can conflict with char shl_load (); below.
|     Prefer <limits.h> to <assert.h> if __STDC__ is defined, since
|     <limits.h> exists even on freestanding compilers.  */
| 
| #ifdef __STDC__
| # include <limits.h>
| #else
| # include <assert.h>
| #endif
| 
| #undef shl_load
| 
| /* Override any GCC internal prototype to avoid an error.
|    Use char because int might match the return type of a GCC
|    builtin and then its argument prototype would still apply.  */
| #ifdef __cplusplus
| extern "C"
| #endif
| char shl_load ();
| /* The GNU C library defines this for functions which it implements
|     to always fail with ENOSYS.  Some functions are actually named
|     something starting with __ and the normal name is an alias.  */
| #if defined __stub_shl_load || defined __stub___shl_load
| choke me
| #endif
| 
| int
| main ()
| {
| return shl_load ();
|   ;
|   return 0;
| }
configure:12607: result: no
configure:12612: checking for shl_load in -ldld
configure:12647: gcc -o conftest -g -O2   conftest.c -ldld   >&5
/usr/bin/ld: cannot find -ldld
collect2: ld returned 1 exit status
configure:12653: $? = 1
configure: failed program was:
| /* confdefs.h.  */
| #define PACKAGE_NAME "C-Pluff"
| #define PACKAGE_TARNAME "cpluff"
| #define PACKAGE_VERSION "0.1.3"
| #define PACKAGE_STRING "C-Pluff 0.1.3"
| #define PACKAGE_BUGREPORT "johannes.lehtinen@iki.fi"
| #define CP_ABI_COMPATIBILITY "0.1"
| #define PACKAGE "cpluff"
| #define VERSION "0.1.3"
| #define ENABLE_NLS 1
| #define HAVE_GETTEXT 1
| #define HAVE_DCGETTEXT 1
| #define STDC_HEADERS 1
| #define HAVE_SYS_TYPES_H 1
| #define HAVE_SYS_STAT_H 1
| #define HAVE_STDLIB_H 1
| #define HAVE_STRING_H 1
| #define HAVE_MEMORY_H 1
| #define HAVE_STRINGS_H 1
| #define HAVE_INTTYPES_H 1
| #define HAVE_STDINT_H 1
| #define HAVE_UNISTD_H 1
| #define HAVE_DLFCN_H 1
| /* end confdefs.h.  */
| 
| /* Override any GCC internal prototype to avoid an error.
|    Use char because int might match the return type of a GCC
|    builtin and then its argument prototype would still apply.  */
| #ifdef __cplusplus
| extern "C"
| #endif
| char shl_load ();
| int
| main ()
| {
| return shl_load ();
|   ;
|   return 0;
| }
configure:12671: result: no
configure:12676: checking for dlopen
configure:12732: gcc -o conftest -g -O2   conftest.c  >&5
/tmp/ccsyVK7Y.o: In function `main':
/home/drordas/Escritorio/wirebrush4spam/cpluff_source/cpluff-0.1.3/conftest.c:59: undefined reference to `dlopen'
collect2: ld returned 1 exit status
configure:12738: $? = 1
configure: failed program was:
| /* confdefs.h.  */
| #define PACKAGE_NAME "C-Pluff"
| #define PACKAGE_TARNAME "cpluff"
| #define PACKAGE_VERSION "0.1.3"
| #define PACKAGE_STRING "C-Pluff 0.1.3"
| #define PACKAGE_BUGREPORT "johannes.lehtinen@iki.fi"
| #define CP_ABI_COMPATIBILITY "0.1"
| #define PACKAGE "cpluff"
| #define VERSION "0.1.3"
| #define ENABLE_NLS 1
| #define HAVE_GETTEXT 1
| #define HAVE_DCGETTEXT 1
| #define STDC_HEADERS 1
| #define HAVE_SYS_TYPES_H 1
| #define HAVE_SYS_STAT_H 1
| #define HAVE_STDLIB_H 1
| #define HAVE_STRING_H 1
| #define HAVE_MEMORY_H 1
| #define HAVE_STRINGS_H 1
| #define HAVE_INTTYPES_H 1
| #define HAVE_STDINT_H 1
| #define HAVE_UNISTD_H 1
| #define HAVE_DLFCN_H 1
| /* end confdefs.h.  */
| /* Define dlopen to an innocuous variant, in case <limits.h> declares dlopen.
|    For example, HP-UX 11i <limits.h> declares gettimeofday.  */
| #define dlopen innocuous_dlopen
| 
| /* System header to define __stub macros and hopefully few prototypes,
|     which can conflict with char dlopen (); below.
|     Prefer <limits.h> to <assert.h> if __STDC__ is defined, since
|     <limits.h> exists even on freestanding compilers.  */
| 
| #ifdef __STDC__
| # include <limits.h>
| #else
| # include <assert.h>
| #endif
| 
| #undef dlopen
| 
| /* Override any GCC internal prototype to avoid an error.
|    Use char because int might match the return type of a GCC
|    builtin and then its argument prototype would still apply.  */
| #ifdef __cplusplus
| extern "C"
| #endif
| char dlopen ();
| /* The GNU C library defines this for functions which it implements
|     to always fail with ENOSYS.  Some functions are actually named
|     something starting with __ and the normal name is an alias.  */
| #if defined __stub_dlopen || defined __stub___dlopen
| choke me
| #endif
| 
| int
| main ()
| {
| return dlopen ();
|   ;
|   return 0;
| }
configure:12755: result: no
configure:12760: checking for dlopen in -ldl
configure:12795: gcc -o conftest -g -O2   conftest.c -ldl   >&5
configure:12801: $? = 0
configure:12819: result: yes
configure:12988: checking whether a program can dlopen itself
configure:13062: gcc -o conftest -g -O2  -DHAVE_DLFCN_H  -Wl,--export-dynamic conftest.c -ldl  >&5
configure: In function 'main':
configure:13058:5: warning: incompatible implicit declaration of built-in function 'exit' [enabled by default]
configure:13065: $? = 0
configure:13083: result: yes
configure:13088: checking whether a statically linked program can dlopen itself
configure:13162: gcc -o conftest -g -O2  -DHAVE_DLFCN_H  -Wl,--export-dynamic -static conftest.c -ldl  >&5
configure: In function 'main':
configure:13158:5: warning: incompatible implicit declaration of built-in function 'exit' [enabled by default]
/tmp/ccUAK6wc.o: In function `main':
/home/drordas/Escritorio/wirebrush4spam/cpluff_source/cpluff-0.1.3/configure:13146: warning: Using 'dlopen' in statically linked applications requires at runtime the shared libraries from the glibc version used for linking
/usr/bin/ld: dynamic STT_GNU_IFUNC symbol `strcmp' with pointer equality in `/usr/lib/gcc/i686-linux-gnu/4.6/../../../i386-linux-gnu/libc.a(strcmp.o)' can not be used when making an executable; recompile with -fPIE and relink with -pie
collect2: ld returned 1 exit status
configure:13165: $? = 1
configure:13183: result: no
configure:13206: checking if libtool supports shared libraries
configure:13208: result: yes
configure:13211: checking whether to build shared libraries
configure:13232: result: yes
configure:13235: checking whether to build static libraries
configure:13239: result: yes
configure:13331: creating libtool
configure:13919: checking for ld used by g++
configure:13986: result: /usr/bin/ld
configure:13995: checking if the linker (/usr/bin/ld) is GNU ld
configure:14010: result: yes
configure:14061: checking whether the g++ linker (/usr/bin/ld) supports shared libraries
configure:14995: result: yes
configure:15013: g++ -c -g -O2  conftest.cpp >&5
configure:15016: $? = 0
configure:15135: checking for g++ option to produce PIC
configure:15409: result: -fPIC
configure:15417: checking if g++ PIC flag -fPIC works
configure:15435: g++ -c -g -O2  -fPIC -DPIC conftest.cpp >&5
configure:15439: $? = 0
configure:15452: result: yes
configure:15480: checking if g++ static flag -static works
configure:15508: result: yes
configure:15518: checking if g++ supports -c -o file.o
configure:15539: g++ -c -g -O2  -o out/conftest2.o conftest.cpp >&5
configure:15543: $? = 0
configure:15565: result: yes
configure:15591: checking whether the g++ linker (/usr/bin/ld) supports shared libraries
configure:15619: result: yes
configure:15686: checking dynamic linker characteristics
configure:16262: result: GNU/Linux ld.so
configure:16271: checking how to hardcode library paths into programs
configure:16296: result: immediate
configure:22417: checking whether ln -s works
configure:22421: result: yes
configure:22478: checking for Posix threads
configure:22497: gcc -o conftest -g -O2  -I$(top_builddir) -I$(top_builddir)/libcpluff -I$(top_srcdir)/libcpluff  conftest.c  >&5
configure:22503: $? = 0
configure:22509: result: yes
configure:22631: checking for dlfcn.h
configure:22636: result: yes
configure:22761: checking for dlopen in -ldl
configure:22820: result: yes
configure:23065: checking expat.h usability
configure:23082: gcc -c -g -O2  -I$(top_builddir) -I$(top_builddir)/libcpluff -I$(top_srcdir)/libcpluff conftest.c >&5
configure:23088: $? = 0
configure:23102: result: yes
configure:23106: checking expat.h presence
configure:23121: gcc -E  -I$(top_builddir) -I$(top_builddir)/libcpluff -I$(top_srcdir)/libcpluff conftest.c
configure:23127: $? = 0
configure:23141: result: yes
configure:23174: checking for expat.h
configure:23181: result: yes
configure:23194: checking for XML_ParseBuffer in -lexpat
configure:23229: gcc -o conftest -g -O2  -I$(top_builddir) -I$(top_builddir)/libcpluff -I$(top_srcdir)/libcpluff  conftest.c -lexpat   >&5
configure:23235: $? = 0
configure:23253: result: yes
configure:23285: checking readline/readline.h usability
configure:23302: gcc -c -g -O2  -I$(top_builddir) -I$(top_builddir)/libcpluff -I$(top_srcdir)/libcpluff conftest.c >&5
conftest.c:61:31: fatal error: readline/readline.h: No such file or directory
compilation terminated.
configure:23308: $? = 1
configure: failed program was:
| /* confdefs.h.  */
| #define PACKAGE_NAME "C-Pluff"
| #define PACKAGE_TARNAME "cpluff"
| #define PACKAGE_VERSION "0.1.3"
| #define PACKAGE_STRING "C-Pluff 0.1.3"
| #define PACKAGE_BUGREPORT "johannes.lehtinen@iki.fi"
| #define CP_ABI_COMPATIBILITY "0.1"
| #define PACKAGE "cpluff"
| #define VERSION "0.1.3"
| #define ENABLE_NLS 1
| #define HAVE_GETTEXT 1
| #define HAVE_DCGETTEXT 1
| #define STDC_HEADERS 1
| #define HAVE_SYS_TYPES_H 1
| #define HAVE_SYS_STAT_H 1
| #define HAVE_STDLIB_H 1
| #define HAVE_STRING_H 1
| #define HAVE_MEMORY_H 1
| #define HAVE_STRINGS_H 1
| #define HAVE_INTTYPES_H 1
| #define HAVE_STDINT_H 1
| #define HAVE_UNISTD_H 1
| #define HAVE_DLFCN_H 1
| #define CP_SHREXT ".so"
| #define CP_THREADS "Posix"
| #define DLOPEN_POSIX
| /* end confdefs.h.  */
| #include <stdio.h>
| #ifdef HAVE_SYS_TYPES_H
| # include <sys/types.h>
| #endif
| #ifdef HAVE_SYS_STAT_H
| # include <sys/stat.h>
| #endif
| #ifdef STDC_HEADERS
| # include <stdlib.h>
| # include <stddef.h>
| #else
| # ifdef HAVE_STDLIB_H
| #  include <stdlib.h>
| # endif
| #endif
| #ifdef HAVE_STRING_H
| # if !defined STDC_HEADERS && defined HAVE_MEMORY_H
| #  include <memory.h>
| # endif
| # include <string.h>
| #endif
| #ifdef HAVE_STRINGS_H
| # include <strings.h>
| #endif
| #ifdef HAVE_INTTYPES_H
| # include <inttypes.h>
| #endif
| #ifdef HAVE_STDINT_H
| # include <stdint.h>
| #endif
| #ifdef HAVE_UNISTD_H
| # include <unistd.h>
| #endif
| #include <readline/readline.h>
configure:23322: result: no
configure:23326: checking readline/readline.h presence
configure:23341: gcc -E  -I$(top_builddir) -I$(top_builddir)/libcpluff -I$(top_srcdir)/libcpluff conftest.c
conftest.c:28:31: fatal error: readline/readline.h: No such file or directory
compilation terminated.
configure:23347: $? = 1
configure: failed program was:
| /* confdefs.h.  */
| #define PACKAGE_NAME "C-Pluff"
| #define PACKAGE_TARNAME "cpluff"
| #define PACKAGE_VERSION "0.1.3"
| #define PACKAGE_STRING "C-Pluff 0.1.3"
| #define PACKAGE_BUGREPORT "johannes.lehtinen@iki.fi"
| #define CP_ABI_COMPATIBILITY "0.1"
| #define PACKAGE "cpluff"
| #define VERSION "0.1.3"
| #define ENABLE_NLS 1
| #define HAVE_GETTEXT 1
| #define HAVE_DCGETTEXT 1
| #define STDC_HEADERS 1
| #define HAVE_SYS_TYPES_H 1
| #define HAVE_SYS_STAT_H 1
| #define HAVE_STDLIB_H 1
| #define HAVE_STRING_H 1
| #define HAVE_MEMORY_H 1
| #define HAVE_STRINGS_H 1
| #define HAVE_INTTYPES_H 1
| #define HAVE_STDINT_H 1
| #define HAVE_UNISTD_H 1
| #define HAVE_DLFCN_H 1
| #define CP_SHREXT ".so"
| #define CP_THREADS "Posix"
| #define DLOPEN_POSIX
| /* end confdefs.h.  */
| #include <readline/readline.h>
configure:23361: result: no
configure:23394: checking for readline/readline.h
configure:23401: result: no
configure:23501: checking for stat
configure:23557: gcc -o conftest -g -O2  -I$(top_builddir) -I$(top_builddir)/libcpluff -I$(top_srcdir)/libcpluff  conftest.c  >&5
configure:23563: $? = 0
configure:23581: result: yes
configure:23501: checking for lstat
configure:23557: gcc -o conftest -g -O2  -I$(top_builddir) -I$(top_builddir)/libcpluff -I$(top_srcdir)/libcpluff  conftest.c  >&5
configure:23563: $? = 0
configure:23581: result: yes
configure:23613: checking which file name separator to use
configure:23623: result: '/'
configure:23794: creating ./config.status

## ---------------------- ##
## Running config.status. ##
## ---------------------- ##

This file was extended by C-Pluff config.status 0.1.3, which was
generated by GNU Autoconf 2.61.  Invocation command line was

  CONFIG_FILES    = 
  CONFIG_HEADERS  = 
  CONFIG_LINKS    = 
  CONFIG_COMMANDS = 
  $ ./config.status 

on portatil

config.status:725: creating Makefile
config.status:725: creating libcpluff/Makefile
config.status:725: creating libcpluff/cpluffdef.h
config.status:725: creating libcpluff/docsrc/Makefile
config.status:725: creating libcpluff/docsrc/Doxyfile-ref
config.status:725: creating libcpluff/docsrc/Doxyfile-impl
config.status:725: creating loader/Makefile
config.status:725: creating console/Makefile
config.status:725: creating po/Makefile.in
config.status:725: creating doc/Makefile
config.status:725: creating doc/img/Makefile
config.status:725: creating docsrc/Makefile
config.status:725: creating test/Makefile
config.status:725: creating test/plugins-source/Makefile
config.status:725: creating test/plugins-source/callbackcounter/Makefile
config.status:725: creating test/plugins-source/symuser/Makefile
config.status:725: creating test/plugins-source/symprovider/Makefile
config.status:725: creating examples/Makefile
config.status:725: creating examples/cpfile/Makefile
config.status:725: creating examples/cpfile/cpfile
config.status:725: creating examples/cpfile/plugins/Makefile
config.status:725: creating examples/cpfile/plugins/core/Makefile
config.status:725: creating examples/cpfile/plugins/special/Makefile
config.status:725: creating examples/cpfile/plugins/extension/Makefile
config.status:725: creating examples/cpfile/plugins/cext/Makefile
config.status:725: creating config.h
config.status:963: config.h is unchanged
config.status:1009: executing po-directories commands
config.status:1009: executing depfiles commands
configure:25247: -----------------------------------------------------------
configure:25249: C-Pluff configuration
configure:25251:   release version:                0.1.3
configure:25258:   multi-threading support:        yes (Posix)
configure:25260:   dlopening mechanism:            dlopen
configure:25264:   localization support:           yes (gettext)
configure:25266:   use GNU readline library:       no
configure:25273:   assertion checks for debugging: no
configure:25275:   file name separator character:  '/'
configure:25277:   compiler and linker settings:
configure:25279:     CC='gcc'
configure:25281:     CPPFLAGS=' -I$(top_builddir) -I$(top_builddir)/libcpluff -I$(top_srcdir)/libcpluff -DNDEBUG'
configure:25283:     CFLAGS='-g -O2'
configure:25285:     LDFLAGS=''
configure:25287:     LIBS=''
configure:25289:     LIBS_LIBCPLUFF='-lexpat -ldl '
configure:25291:     LIBS_OTHER='$(top_builddir)/libcpluff/libcpluff.la '
configure:25293:     LIB_READLINE=''
configure:25295:     LTLIBINTL=''
configure:25297: -----------------------------------------------------------

## ---------------- ##
## Cache variables. ##
## ---------------- ##

ac_cv_build=i686-pc-linux-gnu
ac_cv_c_compiler_gnu=yes
ac_cv_c_const=yes
ac_cv_cxx_compiler_gnu=yes
ac_cv_env_CCC_set=
ac_cv_env_CCC_value=
ac_cv_env_CC_set=
ac_cv_env_CC_value=
ac_cv_env_CFLAGS_set=
ac_cv_env_CFLAGS_value=
ac_cv_env_CPPFLAGS_set=
ac_cv_env_CPPFLAGS_value=
ac_cv_env_CPP_set=
ac_cv_env_CPP_value=
ac_cv_env_CXXCPP_set=
ac_cv_env_CXXCPP_value=
ac_cv_env_CXXFLAGS_set=
ac_cv_env_CXXFLAGS_value=
ac_cv_env_CXX_set=
ac_cv_env_CXX_value=
ac_cv_env_F77_set=
ac_cv_env_F77_value=
ac_cv_env_FFLAGS_set=
ac_cv_env_FFLAGS_value=
ac_cv_env_LDFLAGS_set=
ac_cv_env_LDFLAGS_value=
ac_cv_env_LIBS_set=
ac_cv_env_LIBS_value=
ac_cv_env_build_alias_set=
ac_cv_env_build_alias_value=
ac_cv_env_host_alias_set=
ac_cv_env_host_alias_value=
ac_cv_env_target_alias_set=
ac_cv_env_target_alias_value=
ac_cv_f77_compiler_gnu=no
ac_cv_func_dlopen=no
ac_cv_func_lstat=yes
ac_cv_func_shl_load=no
ac_cv_func_stat=yes
ac_cv_header_dlfcn_h=yes
ac_cv_header_expat_h=yes
ac_cv_header_inttypes_h=yes
ac_cv_header_memory_h=yes
ac_cv_header_readline_readline_h=no
ac_cv_header_stdc=yes
ac_cv_header_stdint_h=yes
ac_cv_header_stdlib_h=yes
ac_cv_header_string_h=yes
ac_cv_header_strings_h=yes
ac_cv_header_sys_stat_h=yes
ac_cv_header_sys_types_h=yes
ac_cv_header_unistd_h=yes
ac_cv_host=i686-pc-linux-gnu
ac_cv_lib_dl_dlopen=yes
ac_cv_lib_dld_shl_load=no
ac_cv_lib_expat_XML_ParseBuffer=yes
ac_cv_objext=o
ac_cv_path_EGREP='/bin/grep -E'
ac_cv_path_GMSGFMT=/usr/bin/msgfmt
ac_cv_path_GREP=/bin/grep
ac_cv_path_MSGFMT=/usr/bin/msgfmt
ac_cv_path_MSGMERGE=/usr/bin/msgmerge
ac_cv_path_XGETTEXT=/usr/bin/xgettext
ac_cv_path_install='/usr/bin/install -c'
ac_cv_path_mkdir=/bin/mkdir
ac_cv_prog_AWK=mawk
ac_cv_prog_CPP='gcc -E'
ac_cv_prog_CXXCPP='g++ -E'
ac_cv_prog_ac_ct_AR=ar
ac_cv_prog_ac_ct_CC=gcc
ac_cv_prog_ac_ct_CXX=g++
ac_cv_prog_ac_ct_RANLIB=ranlib
ac_cv_prog_ac_ct_STRIP=strip
ac_cv_prog_cc_c89=
ac_cv_prog_cc_g=yes
ac_cv_prog_cc_gcc_c_o=yes
ac_cv_prog_cxx_g=yes
ac_cv_prog_f77_g=no
ac_cv_prog_make_make_set=yes
acl_cv_hardcode_direct=no
acl_cv_hardcode_libdir_flag_spec='${wl}-rpath ${wl}$libdir'
acl_cv_hardcode_libdir_separator=
acl_cv_hardcode_minus_L=no
acl_cv_libext=a
acl_cv_path_LD=/usr/bin/ld
acl_cv_prog_gnu_ld=yes
acl_cv_rpath=done
acl_cv_shlibext=so
acl_cv_wl=-Wl,
am_cv_CC_dependencies_compiler_type=gcc3
am_cv_CXX_dependencies_compiler_type=gcc3
gt_cv_func_CFLocaleCopyCurrent=no
gt_cv_func_CFPreferencesCopyAppValue=no
gt_cv_func_gnugettext1_libc=yes
lt_cv_deplibs_check_method=pass_all
lt_cv_dlopen=dlopen
lt_cv_dlopen_libs=-ldl
lt_cv_dlopen_self=yes
lt_cv_dlopen_self_static=no
lt_cv_file_magic_cmd='$MAGIC_CMD'
lt_cv_file_magic_test_file=
lt_cv_ld_reload_flag=-r
lt_cv_objdir=.libs
lt_cv_path_LD=/usr/bin/ld
lt_cv_path_LDCXX=/usr/bin/ld
lt_cv_path_NM='/usr/bin/nm -B'
lt_cv_path_SED=/bin/sed
lt_cv_prog_compiler_c_o=yes
lt_cv_prog_compiler_c_o_CXX=yes
lt_cv_prog_compiler_rtti_exceptions=no
lt_cv_prog_gnu_ld=yes
lt_cv_prog_gnu_ldcxx=yes
lt_cv_sys_global_symbol_pipe='sed -n -e '\''s/^.*[ 	]\([ABCDGIRSTW][ABCDGIRSTW]*\)[ 	][ 	]*\([_A-Za-z][_A-Za-z0-9]*\)$/\1 \2 \2/p'\'''
lt_cv_sys_global_symbol_to_c_name_address='sed -n -e '\''s/^: \([^ ]*\) $/  {\"\1\", (lt_ptr) 0},/p'\'' -e '\''s/^[BCDEGRST] \([^ ]*\) \([^ ]*\)$/  {"\2", (lt_ptr) \&\2},/p'\'''
lt_cv_sys_global_symbol_to_cdecl='sed -n -e '\''s/^. .* \(.*\)$/extern int \1;/p'\'''
lt_cv_sys_max_cmd_len=32768
lt_lt_cv_prog_compiler_c_o='"yes"'
lt_lt_cv_prog_compiler_c_o_CXX='"yes"'
lt_lt_cv_sys_global_symbol_pipe='"sed -n -e '\''s/^.*[ 	]\\([ABCDGIRSTW][ABCDGIRSTW]*\\)[ 	][ 	]*\\([_A-Za-z][_A-Za-z0-9]*\\)\$/\\1 \\2 \\2/p'\''"'
lt_lt_cv_sys_global_symbol_to_c_name_address='"sed -n -e '\''s/^: \\([^ ]*\\) \$/  {\\\"\\1\\\", (lt_ptr) 0},/p'\'' -e '\''s/^[BCDEGRST] \\([^ ]*\\) \\([^ ]*\\)\$/  {\"\\2\", (lt_ptr) \\&\\2},/p'\''"'
lt_lt_cv_sys_global_symbol_to_cdecl='"sed -n -e '\''s/^. .* \\(.*\\)\$/extern int \\1;/p'\''"'

## ----------------- ##
## Output variables. ##
## ----------------- ##

ACLOCAL='${SHELL} /home/drordas/Escritorio/wirebrush4spam/cpluff_source/cpluff-0.1.3/auxliary/missing --run aclocal-1.10'
AMDEPBACKSLASH='\'
AMDEP_FALSE='#'
AMDEP_TRUE=''
AMTAR='${SHELL} /home/drordas/Escritorio/wirebrush4spam/cpluff_source/cpluff-0.1.3/auxliary/missing --run tar'
AR='ar'
AS='as'
AUTOCONF='${SHELL} /home/drordas/Escritorio/wirebrush4spam/cpluff_source/cpluff-0.1.3/auxliary/missing --run autoconf'
AUTOHEADER='${SHELL} /home/drordas/Escritorio/wirebrush4spam/cpluff_source/cpluff-0.1.3/auxliary/missing --run autoheader'
AUTOMAKE='${SHELL} /home/drordas/Escritorio/wirebrush4spam/cpluff_source/cpluff-0.1.3/auxliary/missing --run automake-1.10'
AWK='mawk'
CC='gcc'
CCDEPMODE='depmode=gcc3'
CFLAGS='-g -O2'
CPLUFF_LOADER='${exec_prefix}/bin/cpluff-loader'
CPP='gcc -E'
CPPFLAGS=' -I$(top_builddir) -I$(top_builddir)/libcpluff -I$(top_srcdir)/libcpluff -DNDEBUG'
CP_CXX_LIB_VERSION='0:0:0'
CP_C_LIB_VERSION='0:3:0'
CP_VERSION_MAJOR='0'
CP_VERSION_MINOR='1'
CXX='g++'
CXXCPP='g++ -E'
CXXDEPMODE='depmode=gcc3'
CXXFLAGS='-g -O2'
CYGPATH_W='echo'
DEFS='-DHAVE_CONFIG_H'
DEPDIR='.deps'
DLLTOOL='dlltool'
ECHO='echo'
ECHO_C=''
ECHO_N='-n'
ECHO_T=''
EGREP='/bin/grep -E'
EXEEXT=''
F77=''
FFLAGS=''
GMSGFMT='/usr/bin/msgfmt'
GMSGFMT_015='/usr/bin/msgfmt'
GREP='/bin/grep'
HAVE_READLINE_FALSE=''
HAVE_READLINE_TRUE='#'
INSTALL_DATA='${INSTALL} -m 644'
INSTALL_PROGRAM='${INSTALL}'
INSTALL_SCRIPT='${INSTALL}'
INSTALL_STRIP_PROGRAM='$(install_sh) -c -s'
INTLLIBS=''
INTL_MACOSX_LIBS=''
LDFLAGS=''
LIBICONV='-liconv'
LIBINTL=''
LIBOBJS=''
LIBS=''
LIBS_LIBCPLUFF='-lexpat -ldl '
LIBS_OTHER='$(top_builddir)/libcpluff/libcpluff.la '
LIBTOOL='$(SHELL) $(top_builddir)/libtool'
LIB_READLINE=''
LN_S='ln -s'
LTLIBICONV='-liconv'
LTLIBINTL=''
LTLIBOBJS=''
MAKEINFO='${SHELL} /home/drordas/Escritorio/wirebrush4spam/cpluff_source/cpluff-0.1.3/auxliary/missing --run makeinfo'
MSGFMT='/usr/bin/msgfmt'
MSGFMT_015='/usr/bin/msgfmt'
MSGMERGE='/usr/bin/msgmerge'
OBJDUMP='objdump'
OBJEXT='o'
PACKAGE='cpluff'
PACKAGE_BUGREPORT='johannes.lehtinen@iki.fi'
PACKAGE_NAME='C-Pluff'
PACKAGE_STRING='C-Pluff 0.1.3'
PACKAGE_TARNAME='cpluff'
PACKAGE_VERSION='0.1.3'
PATH_SEPARATOR=':'
POSIX_THREADS_FALSE='#'
POSIX_THREADS_TRUE=''
POSUB='po'
RANLIB='ranlib'
SET_MAKE=''
SHELL='/bin/bash'
STRIP='strip'
USE_NLS='yes'
VERSION='0.1.3'
WINDOWS_THREADS_FALSE=''
WINDOWS_THREADS_TRUE='#'
XGETTEXT='/usr/bin/xgettext'
XGETTEXT_015='/usr/bin/xgettext'
ac_ct_CC='gcc'
ac_ct_CXX='g++'
ac_ct_F77=''
am__fastdepCC_FALSE='#'
am__fastdepCC_TRUE=''
am__fastdepCXX_FALSE='#'
am__fastdepCXX_TRUE=''
am__include='include'
am__isrc=''
am__leading_dot='.'
am__quote=''
am__tar='${AMTAR} chof - "$$tardir"'
am__untar='${AMTAR} xf -'
bindir='${exec_prefix}/bin'
build='i686-pc-linux-gnu'
build_alias=''
build_cpu='i686'
build_os='linux-gnu'
build_vendor='pc'
datadir='${datarootdir}'
datarootdir='${prefix}/share'
docdir='${datarootdir}/doc/${PACKAGE_TARNAME}'
dvidir='${docdir}'
exec_prefix='${prefix}'
host='i686-pc-linux-gnu'
host_alias=''
host_cpu='i686'
host_os='linux-gnu'
host_vendor='pc'
htmldir='${docdir}'
includedir='${prefix}/include'
infodir='${datarootdir}/info'
install_sh='$(SHELL) /home/drordas/Escritorio/wirebrush4spam/cpluff_source/cpluff-0.1.3/auxliary/install-sh'
libdir='${exec_prefix}/lib'
libexecdir='${exec_prefix}/libexec'
localedir='${datarootdir}/locale'
localstatedir='${prefix}/var'
mandir='${datarootdir}/man'
mkdir_p='/bin/mkdir -p'
oldincludedir='/usr/include'
pdfdir='${docdir}'
prefix='/home/drordas/Escritorio/wirebrush4spam/cpluff'
program_transform_name='s,x,x,'
psdir='${docdir}'
sbindir='${exec_prefix}/sbin'
sharedstatedir='${prefix}/com'
sysconfdir='${prefix}/etc'
target_alias=''

## ----------- ##
## confdefs.h. ##
## ----------- ##

#define PACKAGE_NAME "C-Pluff"
#define PACKAGE_TARNAME "cpluff"
#define PACKAGE_VERSION "0.1.3"
#define PACKAGE_STRING "C-Pluff 0.1.3"
#define PACKAGE_BUGREPORT "johannes.lehtinen@iki.fi"
#define CP_ABI_COMPATIBILITY "0.1"
#define PACKAGE "cpluff"
#define VERSION "0.1.3"
#define ENABLE_NLS 1
#define HAVE_GETTEXT 1
#define HAVE_DCGETTEXT 1
#define STDC_HEADERS 1
#define HAVE_SYS_TYPES_H 1
#define HAVE_SYS_STAT_H 1
#define HAVE_STDLIB_H 1
#define HAVE_STRING_H 1
#define HAVE_MEMORY_H 1
#define HAVE_STRINGS_H 1
#define HAVE_INTTYPES_H 1
#define HAVE_STDINT_H 1
#define HAVE_UNISTD_H 1
#define HAVE_DLFCN_H 1
#define CP_SHREXT ".so"
#define CP_THREADS "Posix"
#define DLOPEN_POSIX
#define HAVE_STAT 1
#define HAVE_LSTAT 1
#define CP_FNAMESEP_CHAR '/'
#define CP_FNAMESEP_STR "/"

configure: exit 0
